# JRE version: OpenJDK Runtime Environment (11.0.6+8) (build 11.0.6+8-b520.66)
# Java VM: OpenJDK 64-Bit Server VM (11.0.6+8-b520.66, mixed mode, tiered, compressed oops, g1 gc, windows-amd64)
Heap:
 garbage-first heap   total 617472K, used 443197K [0x00000000a0000000, 0x0000000100000000)
  region size 1024K, 177 young (181248K), 6 survivors (6144K)
 Metaspace       used 125215K, capacity 129015K, committed 129356K, reserved 1163264K
  class space    used 15154K, capacity 16412K, committed 16512K, reserved 1048576K
GC Heap History (20 events):
Event: 8894.161 GC heap before
{Heap before GC invocations=212 (full 0):
 garbage-first heap   total 617472K, used 508120K [0x00000000a0000000, 0x0000000100000000)
  region size 1024K, 318 young (325632K), 2 survivors (2048K)
 Metaspace       used 121621K, capacity 125078K, committed 125132K, reserved 1159168K
  class space    used 14706K, capacity 15859K, committed 15872K, reserved 1048576K
}
Event: 8894.180 GC heap after
{Heap after GC invocations=213 (full 0):
 garbage-first heap   total 617472K, used 189142K [0x00000000a0000000, 0x0000000100000000)
  region size 1024K, 6 young (6144K), 6 survivors (6144K)
 Metaspace       used 121621K, capacity 125078K, committed 125132K, reserved 1159168K
  class space    used 14706K, capacity 15859K, committed 15872K, reserved 1048576K
}
Event: 8896.321 GC heap before
{Heap before GC invocations=214 (full 0):
 garbage-first heap   total 617472K, used 506582K [0x00000000a0000000, 0x0000000100000000)
  region size 1024K, 324 young (331776K), 6 survivors (6144K)
 Metaspace       used 121877K, capacity 125428K, committed 125772K, reserved 1159168K
  class space    used 14744K, capacity 15884K, committed 16000K, reserved 1048576K
}
Event: 8896.351 GC heap after
{Heap after GC invocations=215 (full 0):
 garbage-first heap   total 617472K, used 188227K [0x00000000a0000000, 0x0000000100000000)
  region size 1024K, 13 young (13312K), 13 survivors (13312K)
 Metaspace       used 121877K, capacity 125428K, committed 125772K, reserved 1159168K
  class space    used 14744K, capacity 15884K, committed 16000K, reserved 1048576K
}
Event: 8896.436 GC heap before
{Heap before GC invocations=215 (full 0):
 garbage-first heap   total 617472K, used 205635K [0x00000000a0000000, 0x0000000100000000)
  region size 1024K, 30 young (30720K), 13 survivors (13312K)
 Metaspace       used 121877K, capacity 125428K, committed 125772K, reserved 1159168K
  class space    used 14744K, capacity 15884K, committed 16000K, reserved 1048576K
}
Event: 8896.479 GC heap after
{Heap after GC invocations=216 (full 0):
 garbage-first heap   total 617472K, used 170277K [0x00000000a0000000, 0x0000000100000000)
  region size 1024K, 2 young (2048K), 2 survivors (2048K)
 Metaspace       used 121877K, capacity 125428K, committed 125772K, reserved 1159168K
  class space    used 14744K, capacity 15884K, committed 16000K, reserved 1048576K
}
Event: 8897.891 GC heap before
{Heap before GC invocations=216 (full 0):
 garbage-first heap   total 617472K, used 452901K [0x00000000a0000000, 0x0000000100000000)
  region size 1024K, 279 young (285696K), 2 survivors (2048K)
 Metaspace       used 121889K, capacity 125428K, committed 125772K, reserved 1159168K
  class space    used 14744K, capacity 15884K, committed 16000K, reserved 1048576K
}
Event: 8897.916 GC heap after
{Heap after GC invocations=217 (full 0):
 garbage-first heap   total 617472K, used 178533K [0x00000000a0000000, 0x0000000100000000)
  region size 1024K, 11 young (11264K), 11 survivors (11264K)
 Metaspace       used 121889K, capacity 125428K, committed 125772K, reserved 1159168K
  class space    used 14744K, capacity 15884K, committed 16000K, reserved 1048576K
}
Event: 8905.200 GC heap before
{Heap before GC invocations=218 (full 0):
 garbage-first heap   total 617472K, used 541029K [0x00000000a0000000, 0x0000000100000000)
  region size 1024K, 333 young (340992K), 11 survivors (11264K)
 Metaspace       used 122819K, capacity 126328K, committed 126668K, reserved 1159168K
  class space    used 14827K, capacity 16006K, committed 16128K, reserved 1048576K
}
Event: 8905.423 GC heap after
{Heap after GC invocations=219 (full 0):
 garbage-first heap   total 617472K, used 237568K [0x00000000a0000000, 0x0000000100000000)
  region size 1024K, 42 young (43008K), 42 survivors (43008K)
 Metaspace       used 122819K, capacity 126328K, committed 126668K, reserved 1159168K
  class space    used 14827K, capacity 16006K, committed 16128K, reserved 1048576K
}
Event: 8905.451 GC heap before
{Heap before GC invocations=219 (full 0):
 garbage-first heap   total 617472K, used 238592K [0x00000000a0000000, 0x0000000100000000)
  region size 1024K, 43 young (44032K), 42 survivors (43008K)
 Metaspace       used 122820K, capacity 126328K, committed 126668K, reserved 1159168K
  class space    used 14827K, capacity 16006K, committed 16128K, reserved 1048576K
}
Event: 8905.617 GC heap after
{Heap after GC invocations=220 (full 0):
 garbage-first heap   total 617472K, used 231424K [0x00000000a0000000, 0x0000000100000000)
  region size 1024K, 2 young (2048K), 2 survivors (2048K)
 Metaspace       used 122820K, capacity 126328K, committed 126668K, reserved 1159168K
  class space    used 14827K, capacity 16006K, committed 16128K, reserved 1048576K
}
Event: 8907.493 GC heap before
{Heap before GC invocations=220 (full 0):
 garbage-first heap   total 617472K, used 309248K [0x00000000a0000000, 0x0000000100000000)
  region size 1024K, 80 young (81920K), 2 survivors (2048K)
 Metaspace       used 122883K, capacity 126398K, committed 126668K, reserved 1159168K
  class space    used 14832K, capacity 16007K, committed 16128K, reserved 1048576K
}
Event: 8907.556 GC heap after
{Heap after GC invocations=221 (full 0):
 garbage-first heap   total 617472K, used 251904K [0x00000000a0000000, 0x0000000100000000)
  region size 1024K, 22 young (22528K), 22 survivors (22528K)
 Metaspace       used 122883K, capacity 126398K, committed 126668K, reserved 1159168K
  class space    used 14832K, capacity 16007K, committed 16128K, reserved 1048576K
}
Event: 8909.006 GC heap before
{Heap before GC invocations=222 (full 0):
 garbage-first heap   total 617472K, used 311296K [0x00000000a0000000, 0x0000000100000000)
  region size 1024K, 82 young (83968K), 22 survivors (22528K)
 Metaspace       used 122917K, capacity 126462K, committed 126668K, reserved 1159168K
  class space    used 14832K, capacity 16007K, committed 16128K, reserved 1048576K
}
Event: 8909.073 GC heap after
{Heap after GC invocations=223 (full 0):
 garbage-first heap   total 617472K, used 253248K [0x00000000a0000000, 0x0000000100000000)
  region size 1024K, 8 young (8192K), 8 survivors (8192K)
 Metaspace       used 122917K, capacity 126462K, committed 126668K, reserved 1159168K
  class space    used 14832K, capacity 16007K, committed 16128K, reserved 1048576K
}
Event: 8909.147 GC heap before
{Heap before GC invocations=223 (full 0):
 garbage-first heap   total 617472K, used 275776K [0x00000000a0000000, 0x0000000100000000)
  region size 1024K, 30 young (30720K), 8 survivors (8192K)
 Metaspace       used 122917K, capacity 126462K, committed 126668K, reserved 1159168K
  class space    used 14832K, capacity 16007K, committed 16128K, reserved 1048576K
}
Event: 8909.180 GC heap after
{Heap after GC invocations=224 (full 0):
 garbage-first heap   total 617472K, used 226464K [0x00000000a0000000, 0x0000000100000000)
  region size 1024K, 4 young (4096K), 4 survivors (4096K)
 Metaspace       used 122917K, capacity 126462K, committed 126668K, reserved 1159168K
  class space    used 14832K, capacity 16007K, committed 16128K, reserved 1048576K
}
Event: 8909.364 GC heap before
{Heap before GC invocations=224 (full 0):
 garbage-first heap   total 617472K, used 237728K [0x00000000a0000000, 0x0000000100000000)
  region size 1024K, 16 young (16384K), 4 survivors (4096K)
 Metaspace       used 122917K, capacity 126462K, committed 126668K, reserved 1159168K
  class space    used 14832K, capacity 16007K, committed 16128K, reserved 1048576K
}
Event: 8909.373 GC heap after
{Heap after GC invocations=225 (full 0):
 garbage-first heap   total 617472K, used 228157K [0x00000000a0000000, 0x0000000100000000)
  region size 1024K, 6 young (6144K), 6 survivors (6144K)
 Metaspace       used 122917K, capacity 126462K, committed 126668K, reserved 1159168K
  class space    used 14832K, capacity 16007K, committed 16128K, reserved 1048576K
}

